2018/07/04 10:06:48.663 [D] [server.go:2694] ::1 - - [04/Jul/2018 10:06:48] "GET / HTTP/1.1 200 0" 0.009926  Mozilla/5.0 (Windows NT 10.0; Win64; x64) AppleWebKit/537.36 (KHTML, like Gecko) Chrome/67.0.3396.99 Safari/537.36

2018/07/04 10:06:48.733 [D] [server.go:2694] ::1 - - [04/Jul/2018 10:06:48] "GET /robots.txt HTTP/1.1 404 0" 0.074846  Mozilla/5.0 (Windows NT 10.0; Win64; x64) AppleWebKit/537.36 (KHTML, like Gecko) Chrome/67.0.3396.99 Safari/537.36

2018/07/04 10:06:49.483 [D] [server.go:2694] ::1 - - [04/Jul/2018 10:06:49] "GET /favicon.ico HTTP/1.1 404 0" 0.000949 http://localhost:9080/ Mozilla/5.0 (Windows NT 10.0; Win64; x64) AppleWebKit/537.36 (KHTML, like Gecko) Chrome/67.0.3396.99 Safari/537.36

2018/07/04 10:07:10.017 [D] [server.go:2694] ::1 - - [04/Jul/2018 10:07:10] "GET /swagger HTTP/1.1 302 0" 0.000000  Mozilla/5.0 (Windows NT 10.0; Win64; x64) AppleWebKit/537.36 (KHTML, like Gecko) Chrome/67.0.3396.99 Safari/537.36

2018/07/04 10:07:10.200 [D] [server.go:2694] ::1 - - [04/Jul/2018 10:07:10] "GET /swagger/ HTTP/1.1 200 0" 0.040467  Mozilla/5.0 (Windows NT 10.0; Win64; x64) AppleWebKit/537.36 (KHTML, like Gecko) Chrome/67.0.3396.99 Safari/537.36

2018/07/04 10:07:10.431 [D] [server.go:2694] ::1 - - [04/Jul/2018 10:07:10] "GET /swagger/swagger-ui-standalone-preset.js HTTP/1.1 200 0" 0.175743 http://localhost:9080/swagger/ Mozilla/5.0 (Windows NT 10.0; Win64; x64) AppleWebKit/537.36 (KHTML, like Gecko) Chrome/67.0.3396.99 Safari/537.36

2018/07/04 10:07:11.041 [D] [server.go:2694] ::1 - - [04/Jul/2018 10:07:10] "GET /swagger/swagger-ui.css HTTP/1.1 200 0" 0.780038 http://localhost:9080/swagger/ Mozilla/5.0 (Windows NT 10.0; Win64; x64) AppleWebKit/537.36 (KHTML, like Gecko) Chrome/67.0.3396.99 Safari/537.36

2018/07/04 10:07:11.078 [D] [server.go:2694] ::1 - - [04/Jul/2018 10:07:10] "GET /swagger/swagger-ui-bundle.js HTTP/1.1 200 0" 0.817175 http://localhost:9080/swagger/ Mozilla/5.0 (Windows NT 10.0; Win64; x64) AppleWebKit/537.36 (KHTML, like Gecko) Chrome/67.0.3396.99 Safari/537.36

2018/07/04 10:07:12.180 [D] [server.go:2694] ::1 - - [04/Jul/2018 10:07:12] "GET /swagger/swagger.json HTTP/1.1 200 0" 0.005240 http://localhost:9080/swagger/ Mozilla/5.0 (Windows NT 10.0; Win64; x64) AppleWebKit/537.36 (KHTML, like Gecko) Chrome/67.0.3396.99 Safari/537.36

2018/07/04 10:07:13.022 [D] [server.go:2694] ::1 - - [04/Jul/2018 10:07:12] "GET /swagger/favicon-32x32.png HTTP/1.1 200 0" 0.036718 http://localhost:9080/swagger/ Mozilla/5.0 (Windows NT 10.0; Win64; x64) AppleWebKit/537.36 (KHTML, like Gecko) Chrome/67.0.3396.99 Safari/537.36

2018/07/04 10:07:13.095 [D] [server.go:2694] ::1 - - [04/Jul/2018 10:07:13] "GET /swagger/favicon-16x16.png HTTP/1.1 200 0" 0.015073 http://localhost:9080/swagger/ Mozilla/5.0 (Windows NT 10.0; Win64; x64) AppleWebKit/537.36 (KHTML, like Gecko) Chrome/67.0.3396.99 Safari/537.36

2018/07/04 10:07:56.073 [D] [server.go:2694] ::1 - - [04/Jul/2018 10:07:56] "GET /v1/user/ HTTP/1.1 404 0" 0.007854 http://localhost:9080/swagger/ Mozilla/5.0 (Windows NT 10.0; Win64; x64) AppleWebKit/537.36 (KHTML, like Gecko) Chrome/67.0.3396.99 Safari/537.36

2018/07/04 10:08:15.591 [D] [server.go:2694] ::1 - - [04/Jul/2018 10:08:15] "GET /v1/user HTTP/1.1 404 0" 0.005350  Mozilla/5.0 (Windows NT 10.0; Win64; x64) AppleWebKit/537.36 (KHTML, like Gecko) Chrome/67.0.3396.99 Safari/537.36

2018/07/04 10:55:41.967 [D] [server.go:2694] ::1 - - [04/Jul/2018 10:55:40] "GET /swagger HTTP/1.1 302 0" 0.716080  Mozilla/5.0 (Windows NT 10.0; Win64; x64) AppleWebKit/537.36 (KHTML, like Gecko) Chrome/67.0.3396.99 Safari/537.36

2018/07/04 10:55:42.115 [D] [server.go:2694] ::1 - - [04/Jul/2018 10:55:41] "GET /swagger/ HTTP/1.1 200 0" 0.141627  Mozilla/5.0 (Windows NT 10.0; Win64; x64) AppleWebKit/537.36 (KHTML, like Gecko) Chrome/67.0.3396.99 Safari/537.36

2018/07/04 10:55:43.886 [D] [server.go:2694] ::1 - - [04/Jul/2018 10:55:42] "GET /swagger/swagger-ui.css HTTP/1.1 200 0" 1.350388 http://localhost:9080/swagger/ Mozilla/5.0 (Windows NT 10.0; Win64; x64) AppleWebKit/537.36 (KHTML, like Gecko) Chrome/67.0.3396.99 Safari/537.36

2018/07/04 10:55:47.012 [D] [server.go:2694] ::1 - - [04/Jul/2018 10:55:44] "GET /swagger/swagger-ui-bundle.js HTTP/1.1 200 0" 2.672848 http://localhost:9080/swagger/ Mozilla/5.0 (Windows NT 10.0; Win64; x64) AppleWebKit/537.36 (KHTML, like Gecko) Chrome/67.0.3396.99 Safari/537.36

2018/07/04 10:55:47.813 [D] [server.go:2694] ::1 - - [04/Jul/2018 10:55:44] "GET /swagger/swagger-ui-standalone-preset.js HTTP/1.1 200 0" 3.473705 http://localhost:9080/swagger/ Mozilla/5.0 (Windows NT 10.0; Win64; x64) AppleWebKit/537.36 (KHTML, like Gecko) Chrome/67.0.3396.99 Safari/537.36

2018/07/04 10:57:09.151 [D] [server.go:2694] ::1 - - [04/Jul/2018 10:57:08] "GET /swagger/ HTTP/1.1 304 0" 0.636298  Mozilla/5.0 (Windows NT 10.0; Win64; x64) AppleWebKit/537.36 (KHTML, like Gecko) Chrome/67.0.3396.99 Safari/537.36

2018/07/04 10:57:09.151 [D] [server.go:2694] ::1 - - [04/Jul/2018 10:57:08] "GET /swagger/swagger.json HTTP/1.1 200 0" 0.637295 http://localhost:9080/swagger/ Mozilla/5.0 (Windows NT 10.0; Win64; x64) AppleWebKit/537.36 (KHTML, like Gecko) Chrome/67.0.3396.99 Safari/537.36

2018/07/04 10:57:44.246 [D] [server.go:2694] ::1 - - [04/Jul/2018 10:57:44] "GET /swagger/ HTTP/1.1 304 0" 0.000000  Mozilla/5.0 (Windows NT 10.0; Win64; x64) AppleWebKit/537.36 (KHTML, like Gecko) Chrome/67.0.3396.99 Safari/537.36

2018/07/04 11:43:34.349 [D] [server.go:2694] ::1 - - [04/Jul/2018 11:43:34] "GET /v1/user/ HTTP/1.1 404 0" 0.007978  Mozilla/5.0 (Windows NT 10.0; Win64; x64) AppleWebKit/537.36 (KHTML, like Gecko) Chrome/67.0.3396.99 Safari/537.36

2018/07/04 11:43:34.772 [D] [server.go:2694] ::1 - - [04/Jul/2018 11:43:34] "GET /favicon.ico HTTP/1.1 404 0" 0.002990 http://localhost:9080/v1/user/ Mozilla/5.0 (Windows NT 10.0; Win64; x64) AppleWebKit/537.36 (KHTML, like Gecko) Chrome/67.0.3396.99 Safari/537.36

2018/07/04 11:46:58.963 [D] [server.go:2694] ::1 - - [04/Jul/2018 11:46:58] "POST /v1/user/ HTTP/1.1 404 0" 0.032909 http://localhost:9080/swagger/ Mozilla/5.0 (Windows NT 10.0; Win64; x64) AppleWebKit/537.36 (KHTML, like Gecko) Chrome/67.0.3396.99 Safari/537.36

2018/07/04 11:47:17.273 [D] [server.go:2694] ::1 - - [04/Jul/2018 11:47:17] "GET /swagger/ HTTP/1.1 304 0" 0.111700  Mozilla/5.0 (Windows NT 10.0; Win64; x64) AppleWebKit/537.36 (KHTML, like Gecko) Chrome/67.0.3396.99 Safari/537.36

2018/07/04 11:47:17.401 [D] [server.go:2694] ::1 - - [04/Jul/2018 11:47:17] "GET /swagger/swagger-ui.css HTTP/1.1 304 0" 0.069858 http://localhost:9080/swagger/ Mozilla/5.0 (Windows NT 10.0; Win64; x64) AppleWebKit/537.36 (KHTML, like Gecko) Chrome/67.0.3396.99 Safari/537.36

2018/07/04 11:47:17.709 [D] [server.go:2694] ::1 - - [04/Jul/2018 11:47:17] "GET /swagger/swagger-ui-standalone-preset.js HTTP/1.1 304 0" 0.374998 http://localhost:9080/swagger/ Mozilla/5.0 (Windows NT 10.0; Win64; x64) AppleWebKit/537.36 (KHTML, like Gecko) Chrome/67.0.3396.99 Safari/537.36

2018/07/04 11:47:17.819 [D] [server.go:2694] ::1 - - [04/Jul/2018 11:47:17] "GET /swagger/swagger-ui-bundle.js HTTP/1.1 304 0" 0.484707 http://localhost:9080/swagger/ Mozilla/5.0 (Windows NT 10.0; Win64; x64) AppleWebKit/537.36 (KHTML, like Gecko) Chrome/67.0.3396.99 Safari/537.36

2018/07/04 11:47:18.078 [D] [server.go:2694] ::1 - - [04/Jul/2018 11:47:18] "GET /swagger/swagger.json HTTP/1.1 304 0" 0.013962 http://localhost:9080/swagger/ Mozilla/5.0 (Windows NT 10.0; Win64; x64) AppleWebKit/537.36 (KHTML, like Gecko) Chrome/67.0.3396.99 Safari/537.36

2018/07/04 11:47:23.933 [D] [server.go:2694] ::1 - - [04/Jul/2018 11:47:23] "GET /v1/user/ HTTP/1.1 404 0" 0.000996  Mozilla/5.0 (Windows NT 10.0; Win64; x64) AppleWebKit/537.36 (KHTML, like Gecko) Chrome/67.0.3396.99 Safari/537.36

2018/07/04 11:48:29.158 [D] [server.go:2694] ::1 - - [04/Jul/2018 11:48:29] "POST /v1/user/ HTTP/1.1 404 0" 0.000998 http://localhost:9080/swagger/ Mozilla/5.0 (Windows NT 10.0; Win64; x64) AppleWebKit/537.36 (KHTML, like Gecko) Chrome/67.0.3396.99 Safari/537.36

2018/07/04 11:49:04.950 [D] [server.go:2694] ::1 - - [04/Jul/2018 11:49:04] "GET /v1/user/ HTTP/1.1 404 0" 0.003991 http://localhost:9080/swagger/ Mozilla/5.0 (Windows NT 10.0; Win64; x64) AppleWebKit/537.36 (KHTML, like Gecko) Chrome/67.0.3396.99 Safari/537.36

2018/07/04 11:56:41.120 [D] [server.go:2694] ::1 - - [04/Jul/2018 11:56:41] "POST /v1/user/ HTTP/1.1 404 0" 0.022940  PostmanRuntime/7.1.5

2018/07/04 11:56:58.866 [D] [server.go:2694] ::1 - - [04/Jul/2018 11:56:58] "POST /v1/user/ HTTP/1.1 404 0" 0.170091  PostmanRuntime/7.1.5

2018/07/04 11:57:34.337 [D] [server.go:2694] ::1 - - [04/Jul/2018 11:57:34] "POST /v1/user/ HTTP/1.1 404 0" 0.004987  PostmanRuntime/7.1.5

2018/07/04 11:57:44.222 [D] [server.go:2694] ::1 - - [04/Jul/2018 11:57:44] "POST /v1/user/1 HTTP/1.1 404 0" 0.042902  PostmanRuntime/7.1.5

2018/07/04 11:58:12.677 [D] [server.go:2694] ::1 - - [04/Jul/2018 11:58:12] "POST /v1/ HTTP/1.1 404 0" 0.006981  PostmanRuntime/7.1.5

2018/07/04 11:58:14.878 [D] [server.go:2694] ::1 - - [04/Jul/2018 11:58:14] "POST /v1/ HTTP/1.1 404 0" 0.001996  PostmanRuntime/7.1.5

2018/07/04 11:58:23.792 [D] [server.go:2694] ::1 - - [04/Jul/2018 11:58:23] "GET / HTTP/1.1 200 0" 0.056846  Mozilla/5.0 (Windows NT 10.0; Win64; x64) AppleWebKit/537.36 (KHTML, like Gecko) Chrome/67.0.3396.99 Safari/537.36

2018/07/04 11:58:29.353 [D] [server.go:2694] ::1 - - [04/Jul/2018 11:58:29] "GET / HTTP/1.1 200 0" 0.003990  Mozilla/5.0 (Windows NT 10.0; Win64; x64) AppleWebKit/537.36 (KHTML, like Gecko) Chrome/67.0.3396.99 Safari/537.36

2018/07/04 11:58:37.037 [D] [server.go:2694] ::1 - - [04/Jul/2018 11:58:36] "GET /v1/ HTTP/1.1 404 0" 0.035902  Mozilla/5.0 (Windows NT 10.0; Win64; x64) AppleWebKit/537.36 (KHTML, like Gecko) Chrome/67.0.3396.99 Safari/537.36

2018/07/04 11:58:42.229 [D] [server.go:2694] ::1 - - [04/Jul/2018 11:58:42] "GET /v1/b HTTP/1.1 404 0" 0.002992  Mozilla/5.0 (Windows NT 10.0; Win64; x64) AppleWebKit/537.36 (KHTML, like Gecko) Chrome/67.0.3396.99 Safari/537.36

2018/07/04 11:58:53.487 [D] [server.go:2694] ::1 - - [04/Jul/2018 11:58:53] "GET /v1/users HTTP/1.1 404 0" 0.005501  Mozilla/5.0 (Windows NT 10.0; Win64; x64) AppleWebKit/537.36 (KHTML, like Gecko) Chrome/67.0.3396.99 Safari/537.36

2018/07/04 11:58:58.351 [D] [server.go:2694] ::1 - - [04/Jul/2018 11:58:58] "GET /v1/users HTTP/1.1 404 0" 0.002993  Mozilla/5.0 (Windows NT 10.0; Win64; x64) AppleWebKit/537.36 (KHTML, like Gecko) Chrome/67.0.3396.99 Safari/537.36

2018/07/04 12:33:56.624 [D] [server.go:2694] ::1 - - [04/Jul/2018 12:33:56] "GET /v1/user HTTP/1.1 404 0" 0.001003  Mozilla/5.0 (Windows NT 10.0; Win64; x64) AppleWebKit/537.36 (KHTML, like Gecko) Chrome/67.0.3396.99 Safari/537.36

2018/07/04 12:34:15.594 [D] [server.go:2694] ::1 - - [04/Jul/2018 12:34:15] "GET /v1/airad HTTP/1.1 404 0" 0.001992  Mozilla/5.0 (Windows NT 10.0; Win64; x64) AppleWebKit/537.36 (KHTML, like Gecko) Chrome/67.0.3396.99 Safari/537.36

2018/07/04 12:34:20.062 [D] [server.go:2694] ::1 - - [04/Jul/2018 12:34:20] "GET /v1/ HTTP/1.1 404 0" 0.008305  Mozilla/5.0 (Windows NT 10.0; Win64; x64) AppleWebKit/537.36 (KHTML, like Gecko) Chrome/67.0.3396.99 Safari/537.36

2018/07/04 12:34:24.761 [D] [server.go:2694] ::1 - - [04/Jul/2018 12:34:24] "GET / HTTP/1.1 200 0" 0.003989  Mozilla/5.0 (Windows NT 10.0; Win64; x64) AppleWebKit/537.36 (KHTML, like Gecko) Chrome/67.0.3396.99 Safari/537.36

2018/07/04 12:34:30.633 [D] [server.go:2694] ::1 - - [04/Jul/2018 12:34:30] "GET /swagger HTTP/1.1 302 0" 0.000000  Mozilla/5.0 (Windows NT 10.0; Win64; x64) AppleWebKit/537.36 (KHTML, like Gecko) Chrome/67.0.3396.99 Safari/537.36

2018/07/04 12:34:30.638 [D] [server.go:2694] ::1 - - [04/Jul/2018 12:34:30] "GET /swagger/ HTTP/1.1 304 0" 0.001259  Mozilla/5.0 (Windows NT 10.0; Win64; x64) AppleWebKit/537.36 (KHTML, like Gecko) Chrome/67.0.3396.99 Safari/537.36

2018/07/04 12:34:30.663 [D] [server.go:2694] ::1 - - [04/Jul/2018 12:34:30] "GET /swagger/swagger-ui-bundle.js HTTP/1.1 304 0" 0.000997 http://localhost:9080/swagger/ Mozilla/5.0 (Windows NT 10.0; Win64; x64) AppleWebKit/537.36 (KHTML, like Gecko) Chrome/67.0.3396.99 Safari/537.36

2018/07/04 12:34:30.672 [D] [server.go:2694] ::1 - - [04/Jul/2018 12:34:30] "GET /swagger/swagger-ui.css HTTP/1.1 304 0" 0.000996 http://localhost:9080/swagger/ Mozilla/5.0 (Windows NT 10.0; Win64; x64) AppleWebKit/537.36 (KHTML, like Gecko) Chrome/67.0.3396.99 Safari/537.36

2018/07/04 12:34:30.673 [D] [server.go:2694] ::1 - - [04/Jul/2018 12:34:30] "GET /swagger/swagger-ui-standalone-preset.js HTTP/1.1 304 0" 0.000385 http://localhost:9080/swagger/ Mozilla/5.0 (Windows NT 10.0; Win64; x64) AppleWebKit/537.36 (KHTML, like Gecko) Chrome/67.0.3396.99 Safari/537.36

2018/07/04 12:34:31.137 [D] [server.go:2694] ::1 - - [04/Jul/2018 12:34:31] "GET /swagger/swagger.json HTTP/1.1 304 0" 0.000515 http://localhost:9080/swagger/ Mozilla/5.0 (Windows NT 10.0; Win64; x64) AppleWebKit/537.36 (KHTML, like Gecko) Chrome/67.0.3396.99 Safari/537.36

2018/07/04 12:36:19.885 [D] [server.go:2694] ::1 - - [04/Jul/2018 12:36:19] "GET /v1/user/ HTTP/1.1 404 0" 0.041708 http://localhost:9080/swagger/ Mozilla/5.0 (Windows NT 10.0; Win64; x64) AppleWebKit/537.36 (KHTML, like Gecko) Chrome/67.0.3396.99 Safari/537.36

2018/07/04 12:39:05.699 [D] [server.go:2694] ::1 - - [04/Jul/2018 12:39:05] "GET /v1 HTTP/1.1 404 0" 0.004986  Mozilla/5.0 (Windows NT 10.0; Win64; x64) AppleWebKit/537.36 (KHTML, like Gecko) Chrome/67.0.3396.99 Safari/537.36

2018/07/04 12:39:10.319 [D] [server.go:2694] ::1 - - [04/Jul/2018 12:39:10] "GET /V1 HTTP/1.1 404 0" 0.004833  Mozilla/5.0 (Windows NT 10.0; Win64; x64) AppleWebKit/537.36 (KHTML, like Gecko) Chrome/67.0.3396.99 Safari/537.36

2018/07/04 12:39:16.975 [D] [server.go:2694] ::1 - - [04/Jul/2018 12:39:16] "GET /v1/ HTTP/1.1 404 0" 0.002230  Mozilla/5.0 (Windows NT 10.0; Win64; x64) AppleWebKit/537.36 (KHTML, like Gecko) Chrome/67.0.3396.99 Safari/537.36

2018/07/04 12:39:19.530 [D] [server.go:2694] ::1 - - [04/Jul/2018 12:39:19] "GET /v1/a HTTP/1.1 404 0" 0.001994  Mozilla/5.0 (Windows NT 10.0; Win64; x64) AppleWebKit/537.36 (KHTML, like Gecko) Chrome/67.0.3396.99 Safari/537.36

2018/07/04 12:39:21.860 [D] [server.go:2694] ::1 - - [04/Jul/2018 12:39:21] "GET /v1/ HTTP/1.1 404 0" 0.007096  Mozilla/5.0 (Windows NT 10.0; Win64; x64) AppleWebKit/537.36 (KHTML, like Gecko) Chrome/67.0.3396.99 Safari/537.36

2018/07/04 12:40:15.389 [D] [server.go:2694] ::1 - - [04/Jul/2018 12:40:15] "GET /v1/ HTTP/1.1 404 0" 0.007208  Mozilla/5.0 (Windows NT 10.0; Win64; x64) AppleWebKit/537.36 (KHTML, like Gecko) Chrome/67.0.3396.99 Safari/537.36

2018/07/04 12:40:17.545 [D] [server.go:2694] ::1 - - [04/Jul/2018 12:40:17] "GET / HTTP/1.1 200 0" 0.007785  Mozilla/5.0 (Windows NT 10.0; Win64; x64) AppleWebKit/537.36 (KHTML, like Gecko) Chrome/67.0.3396.99 Safari/537.36

2018/07/04 12:40:17.645 [D] [server.go:2694] ::1 - - [04/Jul/2018 12:40:17] "GET /robots.txt HTTP/1.1 404 0" 0.095489  Mozilla/5.0 (Windows NT 10.0; Win64; x64) AppleWebKit/537.36 (KHTML, like Gecko) Chrome/67.0.3396.99 Safari/537.36

2018/07/04 12:40:22.854 [D] [server.go:2694] ::1 - - [04/Jul/2018 12:40:22] "GET /user HTTP/1.1 404 0" 0.004205  Mozilla/5.0 (Windows NT 10.0; Win64; x64) AppleWebKit/537.36 (KHTML, like Gecko) Chrome/67.0.3396.99 Safari/537.36

2018/07/04 12:40:26.872 [D] [server.go:2694] ::1 - - [04/Jul/2018 12:40:26] "GET /u HTTP/1.1 404 0" 0.007294  Mozilla/5.0 (Windows NT 10.0; Win64; x64) AppleWebKit/537.36 (KHTML, like Gecko) Chrome/67.0.3396.99 Safari/537.36

2018/07/04 12:41:37.888 [D] [server.go:2694] ::1 - - [04/Jul/2018 12:41:37] "GET /airad HTTP/1.1 404 0" 0.002498  Mozilla/5.0 (Windows NT 10.0; Win64; x64) AppleWebKit/537.36 (KHTML, like Gecko) Chrome/67.0.3396.99 Safari/537.36

2018/07/04 12:41:54.145 [D] [server.go:2694] ::1 - - [04/Jul/2018 12:41:54] "GET / HTTP/1.1 200 0" 0.006981  Mozilla/5.0 (Windows NT 10.0; Win64; x64) AppleWebKit/537.36 (KHTML, like Gecko) Chrome/67.0.3396.99 Safari/537.36

2018/07/04 12:41:58.775 [D] [server.go:2694] ::1 - - [04/Jul/2018 12:41:58] "GET / HTTP/1.1 200 0" 0.003992  Mozilla/5.0 (Windows NT 10.0; Win64; x64) AppleWebKit/537.36 (KHTML, like Gecko) Chrome/67.0.3396.99 Safari/537.36

2018/07/04 12:43:27.870 [D] [server.go:2694] ::1 - - [04/Jul/2018 12:43:27] "GET /test/ HTTP/1.1 404 0" 0.003798  Mozilla/5.0 (Windows NT 10.0; Win64; x64) AppleWebKit/537.36 (KHTML, like Gecko) Chrome/67.0.3396.99 Safari/537.36

2018/07/04 12:43:40.563 [D] [server.go:2694] ::1 - - [04/Jul/2018 12:43:40] "GET /tests/ HTTP/1.1 404 0" 0.003935  Mozilla/5.0 (Windows NT 10.0; Win64; x64) AppleWebKit/537.36 (KHTML, like Gecko) Chrome/67.0.3396.99 Safari/537.36

2018/07/04 12:47:42.823 [D] [server.go:2694] ::1 - - [04/Jul/2018 12:47:42] "GET /v1/user/ HTTP/1.1 401 0" 0.003648 http://localhost:9080/swagger/ Mozilla/5.0 (Windows NT 10.0; Win64; x64) AppleWebKit/537.36 (KHTML, like Gecko) Chrome/67.0.3396.99 Safari/537.36

2018/07/04 12:49:52.194 [D] [server.go:2694] ::1 - - [04/Jul/2018 12:49:52] "GET /device HTTP/1.1 404 0" 0.005005  Mozilla/5.0 (Windows NT 10.0; Win64; x64) AppleWebKit/537.36 (KHTML, like Gecko) Chrome/67.0.3396.99 Safari/537.36

2018/07/04 12:49:57.813 [D] [server.go:2694] ::1 - - [04/Jul/2018 12:49:57] "GET /v1/device HTTP/1.1 401 0" 0.001633  Mozilla/5.0 (Windows NT 10.0; Win64; x64) AppleWebKit/537.36 (KHTML, like Gecko) Chrome/67.0.3396.99 Safari/537.36

2018/07/04 12:50:01.732 [D] [server.go:2694] ::1 - - [04/Jul/2018 12:50:01] "GET /v1/ HTTP/1.1 404 0" 0.002522  Mozilla/5.0 (Windows NT 10.0; Win64; x64) AppleWebKit/537.36 (KHTML, like Gecko) Chrome/67.0.3396.99 Safari/537.36

2018/07/04 12:50:03.328 [D] [server.go:2694] ::1 - - [04/Jul/2018 12:50:03] "GET /v1/user HTTP/1.1 401 0" 0.008932  Mozilla/5.0 (Windows NT 10.0; Win64; x64) AppleWebKit/537.36 (KHTML, like Gecko) Chrome/67.0.3396.99 Safari/537.36

2018/07/04 12:50:06.163 [D] [server.go:2694] ::1 - - [04/Jul/2018 12:50:06] "GET /v1/user HTTP/1.1 401 0" 0.003317  Mozilla/5.0 (Windows NT 10.0; Win64; x64) AppleWebKit/537.36 (KHTML, like Gecko) Chrome/67.0.3396.99 Safari/537.36

2018/07/04 12:50:28.121 [D] [server.go:2694] ::1 - - [04/Jul/2018 12:50:28] "GET /v1/use HTTP/1.1 404 0" 0.001768  Mozilla/5.0 (Windows NT 10.0; Win64; x64) AppleWebKit/537.36 (KHTML, like Gecko) Chrome/67.0.3396.99 Safari/537.36

2018/07/04 12:50:31.019 [D] [server.go:2694] ::1 - - [04/Jul/2018 12:50:31] "GET /v1/user HTTP/1.1 401 0" 0.006255  Mozilla/5.0 (Windows NT 10.0; Win64; x64) AppleWebKit/537.36 (KHTML, like Gecko) Chrome/67.0.3396.99 Safari/537.36

2018/07/04 12:50:39.368 [D] [server.go:2694] ::1 - - [04/Jul/2018 12:50:39] "GET /v1/use HTTP/1.1 404 0" 0.003152  Mozilla/5.0 (Windows NT 10.0; Win64; x64) AppleWebKit/537.36 (KHTML, like Gecko) Chrome/67.0.3396.99 Safari/537.36

2018/07/04 12:53:03.281 [D] [server.go:2694] ::1 - - [04/Jul/2018 12:53:03] "GET /v1/user/ HTTP/1.1 401 0" 0.002355 http://localhost:9080/swagger/ Mozilla/5.0 (Windows NT 10.0; Win64; x64) AppleWebKit/537.36 (KHTML, like Gecko) Chrome/67.0.3396.99 Safari/537.36

2018/07/04 12:53:08.314 [D] [server.go:2694] ::1 - - [04/Jul/2018 12:53:08] "GET /v1/user/ HTTP/1.1 401 0" 0.001038 http://localhost:9080/swagger/ Mozilla/5.0 (Windows NT 10.0; Win64; x64) AppleWebKit/537.36 (KHTML, like Gecko) Chrome/67.0.3396.99 Safari/537.36

2018/07/04 12:54:13.785 [D] [server.go:2694] ::1 - - [04/Jul/2018 12:54:13] "GET /v1/user/ HTTP/1.1 401 0" 0.011605 http://localhost:9080/swagger/ Mozilla/5.0 (Windows NT 10.0; Win64; x64) AppleWebKit/537.36 (KHTML, like Gecko) Chrome/67.0.3396.99 Safari/537.36

2018/07/04 12:54:16.955 [D] [server.go:2694] ::1 - - [04/Jul/2018 12:54:16] "GET /v1/user/ HTTP/1.1 401 0" 0.002907 http://localhost:9080/swagger/ Mozilla/5.0 (Windows NT 10.0; Win64; x64) AppleWebKit/537.36 (KHTML, like Gecko) Chrome/67.0.3396.99 Safari/537.36

2018/07/04 12:55:15.791 [D] [server.go:2694] ::1 - - [04/Jul/2018 12:55:15] "GET / HTTP/1.1 200 0" 0.005984  Mozilla/5.0 (Windows NT 10.0; Win64; x64) AppleWebKit/537.36 (KHTML, like Gecko) Chrome/67.0.3396.99 Safari/537.36

2018/07/04 12:55:19.529 [D] [server.go:2694] ::1 - - [04/Jul/2018 12:55:19] "GET /v1 HTTP/1.1 404 0" 0.002000  Mozilla/5.0 (Windows NT 10.0; Win64; x64) AppleWebKit/537.36 (KHTML, like Gecko) Chrome/67.0.3396.99 Safari/537.36

2018/07/04 12:55:22.628 [D] [server.go:2694] ::1 - - [04/Jul/2018 12:55:22] "GET /v1/ HTTP/1.1 404 0" 0.002062  Mozilla/5.0 (Windows NT 10.0; Win64; x64) AppleWebKit/537.36 (KHTML, like Gecko) Chrome/67.0.3396.99 Safari/537.36

2018/07/04 12:55:27.221 [D] [server.go:2694] ::1 - - [04/Jul/2018 12:55:27] "GET /v1/user HTTP/1.1 401 0" 0.001206  Mozilla/5.0 (Windows NT 10.0; Win64; x64) AppleWebKit/537.36 (KHTML, like Gecko) Chrome/67.0.3396.99 Safari/537.36

2018/07/04 12:55:30.038 [D] [server.go:2694] ::1 - - [04/Jul/2018 12:55:30] "GET /v1/user HTTP/1.1 401 0" 0.005067  Mozilla/5.0 (Windows NT 10.0; Win64; x64) AppleWebKit/537.36 (KHTML, like Gecko) Chrome/67.0.3396.99 Safari/537.36

2018/07/04 12:55:54.470 [D] [server.go:2694] ::1 - - [04/Jul/2018 12:55:54] "POST /v1/user HTTP/1.1 200 0" 0.010510  PostmanRuntime/7.1.5

2018/07/04 12:56:06.891 [D] [server.go:2694] ::1 - - [04/Jul/2018 12:56:06] "POST /v1/user HTTP/1.1 200 0" 0.000999  PostmanRuntime/7.1.5

2018/07/04 12:56:16.112 [D] [server.go:2694] ::1 - - [04/Jul/2018 12:56:15] "POST /v1/user HTTP/1.1 201 0" 0.476666  PostmanRuntime/7.1.5

2018/07/04 12:56:39.816 [D] [server.go:2694] ::1 - - [04/Jul/2018 12:56:39] "GET /v1/user HTTP/1.1 401 0" 0.006996  Mozilla/5.0 (Windows NT 10.0; Win64; x64) AppleWebKit/537.36 (KHTML, like Gecko) Chrome/67.0.3396.99 Safari/537.36

2018/07/04 12:56:44.033 [D] [server.go:2694] ::1 - - [04/Jul/2018 12:56:44] "GET /v1/user/1 HTTP/1.1 401 0" 0.008181  Mozilla/5.0 (Windows NT 10.0; Win64; x64) AppleWebKit/537.36 (KHTML, like Gecko) Chrome/67.0.3396.99 Safari/537.36

2018/07/04 12:56:46.271 [D] [server.go:2694] ::1 - - [04/Jul/2018 12:56:46] "GET /v1/user/ HTTP/1.1 401 0" 0.002992  Mozilla/5.0 (Windows NT 10.0; Win64; x64) AppleWebKit/537.36 (KHTML, like Gecko) Chrome/67.0.3396.99 Safari/537.36

2018/07/04 12:56:59.389 [D] [server.go:2694] ::1 - - [04/Jul/2018 12:56:59] "GET /v1/user/0 HTTP/1.1 401 0" 0.004957  Mozilla/5.0 (Windows NT 10.0; Win64; x64) AppleWebKit/537.36 (KHTML, like Gecko) Chrome/67.0.3396.99 Safari/537.36

2018/07/04 12:57:34.768 [D] [server.go:2694] ::1 - - [04/Jul/2018 12:57:34] "POST /v1/user HTTP/1.1 403 0" 0.003858  PostmanRuntime/7.1.5

2018/07/04 12:57:56.568 [D] [server.go:2694] ::1 - - [04/Jul/2018 12:57:56] "POST /v1/user HTTP/1.1 403 0" 0.007281  PostmanRuntime/7.1.5

2018/07/04 12:58:07.638 [D] [server.go:2694] ::1 - - [04/Jul/2018 12:58:07] "POST /v1/user/0 HTTP/1.1 404 0" 0.002992  PostmanRuntime/7.1.5

2018/07/04 12:58:46.170 [D] [server.go:2694] ::1 - - [04/Jul/2018 12:58:46] "GET /v1/user/ HTTP/1.1 401 0" 0.003987  PostmanRuntime/7.1.5

2018/07/04 12:58:58.538 [D] [server.go:2694] ::1 - - [04/Jul/2018 12:58:58] "GET /v1/user/ HTTP/1.1 401 0" 0.004994  PostmanRuntime/7.1.5

2018/07/04 12:59:01.916 [D] [server.go:2694] ::1 - - [04/Jul/2018 12:59:01] "GET /v1/user/0 HTTP/1.1 401 0" 0.001024  PostmanRuntime/7.1.5

2018/07/04 12:59:09.064 [D] [server.go:2694] ::1 - - [04/Jul/2018 12:59:09] "GET /v1/user HTTP/1.1 401 0" 0.001995  Mozilla/5.0 (Windows NT 10.0; Win64; x64) AppleWebKit/537.36 (KHTML, like Gecko) Chrome/67.0.3396.99 Safari/537.36

2018/07/04 12:59:29.515 [D] [server.go:2694] ::1 - - [04/Jul/2018 12:59:29] "GET /v1/user/ HTTP/1.1 401 0" 0.008591 http://localhost:9080/swagger/ Mozilla/5.0 (Windows NT 10.0; Win64; x64) AppleWebKit/537.36 (KHTML, like Gecko) Chrome/67.0.3396.99 Safari/537.36

2018/07/04 12:59:31.189 [D] [server.go:2694] ::1 - - [04/Jul/2018 12:59:31] "GET /v1/user/ HTTP/1.1 401 0" 0.003994 http://localhost:9080/swagger/ Mozilla/5.0 (Windows NT 10.0; Win64; x64) AppleWebKit/537.36 (KHTML, like Gecko) Chrome/67.0.3396.99 Safari/537.36

2018/07/04 12:59:58.391 [D] [server.go:2694] ::1 - - [04/Jul/2018 12:59:58] "GET /v1/user/ HTTP/1.1 401 0" 0.000987  PostmanRuntime/7.1.5

2018/07/04 13:00:08.277 [D] [server.go:2694] ::1 - - [04/Jul/2018 01:00:08] "GET /v1/user/ HTTP/1.1 200 0" 0.033719  PostmanRuntime/7.1.5

2018/07/04 13:00:16.113 [D] [server.go:2694] ::1 - - [04/Jul/2018 01:00:16] "GET /v1/user/ HTTP/1.1 200 0" 0.000996  PostmanRuntime/7.1.5

2018/07/04 13:00:21.983 [D] [server.go:2694] ::1 - - [04/Jul/2018 01:00:21] "GET /v1/user/0 HTTP/1.1 200 0" 0.005394  PostmanRuntime/7.1.5

2018/07/04 13:01:17.864 [D] [server.go:2694] ::1 - - [04/Jul/2018 01:01:17] "GET /v1/user/0 HTTP/1.1 401 0" 0.007378  Mozilla/5.0 (Windows NT 10.0; Win64; x64) AppleWebKit/537.36 (KHTML, like Gecko) Chrome/67.0.3396.99 Safari/537.36

2018/07/04 13:01:37.169 [D] [server.go:2694] ::1 - - [04/Jul/2018 01:01:37] "GET /swagger/swagger.json HTTP/1.1 304 0" 0.021715 http://localhost:9080/swagger/ Mozilla/5.0 (Windows NT 10.0; Win64; x64) AppleWebKit/537.36 (KHTML, like Gecko) Chrome/67.0.3396.99 Safari/537.36

2018/07/04 13:02:02.246 [D] [server.go:2694] ::1 - - [04/Jul/2018 01:02:02] "GET /swagger/swagger.json HTTP/1.1 304 0" 0.001072 http://localhost:9080/swagger/ Mozilla/5.0 (Windows NT 10.0; Win64; x64) AppleWebKit/537.36 (KHTML, like Gecko) Chrome/67.0.3396.99 Safari/537.36

2018/07/04 13:02:43.001 [D] [server.go:2694] ::1 - - [04/Jul/2018 01:02:42] "GET /v1/user/login?username=adityawrdhn&password=Password123 HTTP/1.1 401 0" 0.003592 http://localhost:9080/swagger/ Mozilla/5.0 (Windows NT 10.0; Win64; x64) AppleWebKit/537.36 (KHTML, like Gecko) Chrome/67.0.3396.99 Safari/537.36

2018/07/04 13:04:56.238 [D] [server.go:2694] ::1 - - [04/Jul/2018 01:04:56] "GET /v1/user/ HTTP/1.1 200 0" 0.006784  PostmanRuntime/7.1.5

2018/07/04 13:06:12.918 [D] [server.go:2694] ::1 - - [04/Jul/2018 01:06:12] "GET /v1//user/login HTTP/1.1 401 0" 0.001996  PostmanRuntime/7.1.5

2018/07/04 13:07:10.776 [D] [server.go:2694] ::1 - - [04/Jul/2018 01:07:10] "GET /v1//user/login?username=adityawrdhn&password=Password123 HTTP/1.1 200 0" 0.012376  PostmanRuntime/7.1.5

2018/07/04 13:08:17.888 [D] [server.go:2694] ::1 - - [04/Jul/2018 01:08:17] "POST /v1//user/login HTTP/1.1 200 0" 0.009915  PostmanRuntime/7.1.5

2018/07/04 13:08:23.260 [D] [server.go:2694] ::1 - - [04/Jul/2018 01:08:23] "POST /v1//user/login HTTP/1.1 200 0" 0.004268  PostmanRuntime/7.1.5

2018/07/04 13:08:36.358 [D] [server.go:2694] ::1 - - [04/Jul/2018 01:08:36] "POST /v1//user/login?username=adityawrdhn&password=Password123 HTTP/1.1 200 0" 0.004990  PostmanRuntime/7.1.5

2018/07/04 13:08:41.827 [D] [server.go:2694] ::1 - - [04/Jul/2018 01:08:41] "GET /v1//user/login?username=adityawrdhn&password=Password123 HTTP/1.1 200 0" 0.001992  PostmanRuntime/7.1.5

2018/07/04 13:09:29.970 [D] [server.go:2694] ::1 - - [04/Jul/2018 01:09:29] "POST /v1//login HTTP/1.1 404 0" 0.008792  PostmanRuntime/7.1.5

2018/07/04 13:09:34.160 [D] [server.go:2694] ::1 - - [04/Jul/2018 01:09:34] "POST /v1//login/ HTTP/1.1 404 0" 0.001369  PostmanRuntime/7.1.5

2018/07/04 13:10:37.911 [D] [server.go:2694] ::1 - - [04/Jul/2018 01:10:37] "POST /v1//login HTTP/1.1 404 0" 0.007273  PostmanRuntime/7.1.5

2018/07/04 13:11:07.025 [D] [server.go:2694] ::1 - - [04/Jul/2018 01:11:07] "POST /login HTTP/1.1 200 0" 0.005782  PostmanRuntime/7.1.5

2018/07/04 13:11:09.473 [D] [server.go:2694] ::1 - - [04/Jul/2018 01:11:09] "POST /login HTTP/1.1 200 0" 0.001982  PostmanRuntime/7.1.5

2018/07/04 13:11:33.812 [D] [server.go:2694] ::1 - - [04/Jul/2018 01:11:33] "POST /login HTTP/1.1 200 0" 0.004051  PostmanRuntime/7.1.5

2018/07/04 13:11:40.226 [D] [server.go:2694] ::1 - - [04/Jul/2018 01:11:40] "POST /login HTTP/1.1 200 0" 0.003915  PostmanRuntime/7.1.5

2018/07/04 13:11:44.915 [D] [server.go:2694] ::1 - - [04/Jul/2018 01:11:44] "POST /login HTTP/1.1 200 0" 0.000996  PostmanRuntime/7.1.5

2018/07/04 13:12:04.894 [D] [server.go:2694] ::1 - - [04/Jul/2018 01:12:04] "GET /v1/user/logout HTTP/1.1 200 0" 0.007223 http://localhost:9080/swagger/ Mozilla/5.0 (Windows NT 10.0; Win64; x64) AppleWebKit/537.36 (KHTML, like Gecko) Chrome/67.0.3396.99 Safari/537.36

2018/07/04 13:12:28.479 [D] [server.go:2694] ::1 - - [04/Jul/2018 01:12:28] "POST /v1/user/logout HTTP/1.1 404 0" 0.006389  PostmanRuntime/7.1.5

2018/07/04 13:12:44.648 [D] [server.go:2694] ::1 - - [04/Jul/2018 01:12:44] "POST /v1/user/logout HTTP/1.1 404 0" 0.004286  PostmanRuntime/7.1.5

2018/07/04 13:13:51.404 [D] [server.go:2694] ::1 - - [04/Jul/2018 01:13:51] "POST /login HTTP/1.1 200 0" 0.004986  PostmanRuntime/7.1.5

2018/07/04 13:14:02.165 [D] [server.go:2694] ::1 - - [04/Jul/2018 01:14:02] "POST /login HTTP/1.1 200 0" 0.011721  PostmanRuntime/7.1.5

2018/07/04 13:14:26.052 [D] [server.go:2694] ::1 - - [04/Jul/2018 01:14:26] "POST /login HTTP/1.1 200 0" 0.002002  PostmanRuntime/7.1.5

2018/07/04 13:14:42.686 [D] [server.go:2694] ::1 - - [04/Jul/2018 01:14:42] "POST /v1/user/login HTTP/1.1 200 0" 0.011539  PostmanRuntime/7.1.5

2018/07/04 13:15:15.771 [D] [server.go:2694] ::1 - - [04/Jul/2018 01:15:15] "POST /v1/user/login HTTP/1.1 200 0" 0.006260  PostmanRuntime/7.1.5

2018/07/04 13:15:27.875 [D] [server.go:2694] ::1 - - [04/Jul/2018 01:15:27] "POST /v1/user/logout HTTP/1.1 404 0" 0.005470  PostmanRuntime/7.1.5

2018/07/04 13:16:11.519 [D] [server.go:2694] ::1 - - [04/Jul/2018 01:16:11] "POST /v1/user/login HTTP/1.1 200 0" 0.017228  PostmanRuntime/7.1.5

2018/07/04 13:17:57.511 [D] [server.go:2694] ::1 - - [04/Jul/2018 01:17:57] "GET /swagger/ HTTP/1.1 304 0" 0.000997  Mozilla/5.0 (Windows NT 10.0; Win64; x64) AppleWebKit/537.36 (KHTML, like Gecko) Chrome/67.0.3396.99 Safari/537.36

2018/07/04 13:17:57.756 [D] [server.go:2694] ::1 - - [04/Jul/2018 01:17:57] "GET /swagger/swagger-ui-bundle.js HTTP/1.1 304 0" 0.214848 http://localhost:9080/swagger/ Mozilla/5.0 (Windows NT 10.0; Win64; x64) AppleWebKit/537.36 (KHTML, like Gecko) Chrome/67.0.3396.99 Safari/537.36

2018/07/04 13:17:57.856 [D] [server.go:2694] ::1 - - [04/Jul/2018 01:17:57] "GET /swagger/swagger-ui.css HTTP/1.1 304 0" 0.306967 http://localhost:9080/swagger/ Mozilla/5.0 (Windows NT 10.0; Win64; x64) AppleWebKit/537.36 (KHTML, like Gecko) Chrome/67.0.3396.99 Safari/537.36

2018/07/04 13:17:57.907 [D] [server.go:2694] ::1 - - [04/Jul/2018 01:17:57] "GET /swagger/swagger-ui-standalone-preset.js HTTP/1.1 304 0" 0.357299 http://localhost:9080/swagger/ Mozilla/5.0 (Windows NT 10.0; Win64; x64) AppleWebKit/537.36 (KHTML, like Gecko) Chrome/67.0.3396.99 Safari/537.36

2018/07/04 13:20:00.321 [D] [server.go:2694] ::1 - - [04/Jul/2018 01:20:00] "GET /swagger/ HTTP/1.1 304 0" 0.000000  Mozilla/5.0 (Windows NT 10.0; Win64; x64) AppleWebKit/537.36 (KHTML, like Gecko) Chrome/67.0.3396.99 Safari/537.36

2018/07/04 13:20:01.399 [D] [server.go:2694] ::1 - - [04/Jul/2018 01:20:00] "GET /robots.txt HTTP/1.1 404 0" 1.038271  Mozilla/5.0 (Windows NT 10.0; Win64; x64) AppleWebKit/537.36 (KHTML, like Gecko) Chrome/67.0.3396.99 Safari/537.36

2018/07/04 13:20:24.165 [D] [server.go:2694] ::1 - - [04/Jul/2018 01:20:24] "GET /swagger/swagger.json HTTP/1.1 304 0" 0.000999  Mozilla/5.0 (Windows NT 10.0; Win64; x64) AppleWebKit/537.36 (KHTML, like Gecko) Chrome/67.0.3396.99 Safari/537.36

2018/07/04 13:25:51.681 [D] [server.go:2694] ::1 - - [04/Jul/2018 01:25:51] "POST /v1/user/login HTTP/1.1 200 0" 0.004413  PostmanRuntime/7.1.5

2018/07/04 13:27:08.666 [D] [server.go:2694] 127.0.0.1 - - [04/Jul/2018 01:27:08] "GET /swagger/ HTTP/1.1 304 0" 0.001982  Mozilla/5.0 (Windows NT 10.0; Win64; x64) AppleWebKit/537.36 (KHTML, like Gecko) Chrome/67.0.3396.99 Safari/537.36

2018/07/04 13:27:20.837 [D] [server.go:2694] ::1 - - [04/Jul/2018 01:27:20] "POST /v1/user/login HTTP/1.1 200 0" 0.002153  PostmanRuntime/7.1.5

2018/07/04 13:28:28.358 [D] [server.go:2694] ::1 - - [04/Jul/2018 01:28:28] "POST /v1/user/login?username=adityawrdhn&password=Password123 HTTP/1.1 200 0" 0.008406  PostmanRuntime/7.1.5

2018/07/04 13:28:45.976 [D] [server.go:2694] ::1 - - [04/Jul/2018 01:28:45] "GET /v1/user/login?username=adityawrdhn&password=Password123 HTTP/1.1 401 0" 0.002992  PostmanRuntime/7.1.5

2018/07/04 13:29:06.074 [D] [server.go:2694] ::1 - - [04/Jul/2018 01:29:06] "GET /v1/user/login?username=adityawrdhn&password=Password123 HTTP/1.1 200 0" 0.002717  PostmanRuntime/7.1.5

2018/07/04 13:29:39.929 [D] [server.go:2694] ::1 - - [04/Jul/2018 01:29:39] "GET /v1/user/logout HTTP/1.1 200 0" 0.002070  PostmanRuntime/7.1.5

2018/07/04 13:44:47.587 [D] [server.go:2694] ::1 - - [04/Jul/2018 01:44:47] "GET /swagger/ HTTP/1.1 304 0" 0.002057  Mozilla/5.0 (Windows NT 10.0; Win64; x64) AppleWebKit/537.36 (KHTML, like Gecko) Chrome/67.0.3396.99 Safari/537.36

2018/07/04 13:44:47.764 [D] [server.go:2694] ::1 - - [04/Jul/2018 01:44:47] "GET /swagger/swagger-ui-standalone-preset.js HTTP/1.1 304 0" 0.146133 http://localhost:9080/swagger/ Mozilla/5.0 (Windows NT 10.0; Win64; x64) AppleWebKit/537.36 (KHTML, like Gecko) Chrome/67.0.3396.99 Safari/537.36

2018/07/04 13:44:47.967 [D] [server.go:2694] ::1 - - [04/Jul/2018 01:44:47] "GET /swagger/swagger-ui-bundle.js HTTP/1.1 304 0" 0.346270 http://localhost:9080/swagger/ Mozilla/5.0 (Windows NT 10.0; Win64; x64) AppleWebKit/537.36 (KHTML, like Gecko) Chrome/67.0.3396.99 Safari/537.36

2018/07/04 13:44:47.994 [D] [server.go:2694] ::1 - - [04/Jul/2018 01:44:47] "GET /swagger/swagger-ui.css HTTP/1.1 304 0" 0.373107 http://localhost:9080/swagger/ Mozilla/5.0 (Windows NT 10.0; Win64; x64) AppleWebKit/537.36 (KHTML, like Gecko) Chrome/67.0.3396.99 Safari/537.36

2018/07/04 13:44:48.232 [D] [server.go:2694] ::1 - - [04/Jul/2018 01:44:48] "GET /swagger/swagger.json HTTP/1.1 304 0" 0.000287 http://localhost:9080/swagger/ Mozilla/5.0 (Windows NT 10.0; Win64; x64) AppleWebKit/537.36 (KHTML, like Gecko) Chrome/67.0.3396.99 Safari/537.36

2018/07/04 13:47:22.309 [D] [server.go:2694] ::1 - - [04/Jul/2018 01:47:22] "GET /v1/user/auth?username=adityawrdhn&password=Password123 HTTP/1.1 401 0" 0.002948  PostmanRuntime/7.1.5

2018/07/04 13:47:29.970 [D] [server.go:2694] ::1 - - [04/Jul/2018 01:47:29] "GET /v1/user/auth HTTP/1.1 401 0" 0.000997  PostmanRuntime/7.1.5

2018/07/04 13:49:26.031 [D] [server.go:2694] ::1 - - [04/Jul/2018 01:49:26] "GET /swagger/ HTTP/1.1 304 0" 0.002336  Mozilla/5.0 (Windows NT 10.0; Win64; x64) AppleWebKit/537.36 (KHTML, like Gecko) Chrome/67.0.3396.99 Safari/537.36

2018/07/04 13:50:15.208 [D] [server.go:2694] ::1 - - [04/Jul/2018 01:50:15] "GET /v1/user/auth HTTP/1.1 401 0" 0.001994  PostmanRuntime/7.1.5

2018/07/04 13:50:26.720 [D] [server.go:2694] ::1 - - [04/Jul/2018 01:50:26] "GET /v1/user/auth HTTP/1.1 401 0" 0.003389  PostmanRuntime/7.1.5

2018/07/04 13:50:38.559 [D] [server.go:2694] ::1 - - [04/Jul/2018 01:50:38] "GET /v1/user/login HTTP/1.1 200 0" 0.178118  PostmanRuntime/7.1.5

2018/07/04 13:50:45.524 [D] [server.go:2694] ::1 - - [04/Jul/2018 01:50:45] "GET /v1/user/login HTTP/1.1 200 0" 0.003990  PostmanRuntime/7.1.5

2018/07/04 13:50:50.407 [D] [server.go:2694] ::1 - - [04/Jul/2018 01:50:50] "GET /v1/user/login HTTP/1.1 401 0" 0.001000  PostmanRuntime/7.1.5

2018/07/04 13:50:54.298 [D] [server.go:2694] ::1 - - [04/Jul/2018 01:50:54] "GET /v1/user/login HTTP/1.1 200 0" 0.002363  PostmanRuntime/7.1.5

2018/07/04 13:51:03.145 [D] [server.go:2694] ::1 - - [04/Jul/2018 01:51:03] "GET /v1/user/logout HTTP/1.1 200 0" 0.000093  PostmanRuntime/7.1.5

2018/07/04 13:51:06.959 [D] [server.go:2694] ::1 - - [04/Jul/2018 01:51:06] "GET /v1/user/login HTTP/1.1 200 0" 0.004171  PostmanRuntime/7.1.5

2018/07/04 13:51:16.621 [D] [server.go:2694] ::1 - - [04/Jul/2018 01:51:16] "GET /v1/user/login HTTP/1.1 401 0" 0.000997  PostmanRuntime/7.1.5

2018/07/04 13:51:33.198 [D] [server.go:2694] ::1 - - [04/Jul/2018 01:51:33] "POST /v1/user/login HTTP/1.1 200 0" 0.003859  PostmanRuntime/7.1.5

2018/07/04 13:55:07.374 [D] [server.go:2694] ::1 - - [04/Jul/2018 01:55:07] "GET /swagger/ HTTP/1.1 304 0" 0.001980  Mozilla/5.0 (Windows NT 10.0; Win64; x64) AppleWebKit/537.36 (KHTML, like Gecko) Chrome/67.0.3396.99 Safari/537.36

2018/07/04 13:58:07.340 [D] [server.go:2694] ::1 - - [04/Jul/2018 01:58:07] "POST /login HTTP/1.1 200 0" 0.005640  PostmanRuntime/7.1.5

2018/07/04 13:58:18.891 [D] [server.go:2694] ::1 - - [04/Jul/2018 01:58:18] "POST /login HTTP/1.1 200 0" 0.000996  PostmanRuntime/7.1.5

2018/07/04 13:58:25.063 [D] [server.go:2694] ::1 - - [04/Jul/2018 01:58:25] "POST /login HTTP/1.1 200 0" 0.004223  PostmanRuntime/7.1.5

2018/07/04 13:58:32.201 [D] [server.go:2694] ::1 - - [04/Jul/2018 01:58:32] "GET /login HTTP/1.1 404 0" 0.002985  PostmanRuntime/7.1.5

2018/07/04 13:58:53.146 [D] [server.go:2694] ::1 - - [04/Jul/2018 01:58:53] "POST /login HTTP/1.1 200 0" 0.003982  PostmanRuntime/7.1.5

2018/07/04 14:00:23.524 [D] [server.go:2694] ::1 - - [04/Jul/2018 02:00:23] "GET /swagger/swagger.json HTTP/1.1 200 0" 0.001996  Mozilla/5.0 (Windows NT 10.0; Win64; x64) AppleWebKit/537.36 (KHTML, like Gecko) Chrome/67.0.3396.99 Safari/537.36

2018/07/04 14:00:26.598 [D] [server.go:2694] ::1 - - [04/Jul/2018 02:00:26] "GET /swagger/ HTTP/1.1 304 0" 0.003961  Mozilla/5.0 (Windows NT 10.0; Win64; x64) AppleWebKit/537.36 (KHTML, like Gecko) Chrome/67.0.3396.99 Safari/537.36

2018/07/04 14:00:34.132 [D] [server.go:2694] ::1 - - [04/Jul/2018 02:00:34] "POST /login HTTP/1.1 200 0" 0.012015  PostmanRuntime/7.1.5

2018/07/04 14:00:47.095 [D] [server.go:2694] ::1 - - [04/Jul/2018 02:00:47] "POST /v1/user/login HTTP/1.1 200 0" 0.001769  PostmanRuntime/7.1.5

2018/07/04 14:03:05.928 [D] [server.go:2694] ::1 - - [04/Jul/2018 02:03:05] "POST /v1/user/login HTTP/1.1 200 0" 0.002097  PostmanRuntime/7.1.5

2018/07/04 14:03:10.332 [D] [server.go:2694] ::1 - - [04/Jul/2018 02:03:10] "POST /v1/user/login HTTP/1.1 200 0" 0.001327  PostmanRuntime/7.1.5

2018/07/04 14:03:16.391 [D] [server.go:2694] ::1 - - [04/Jul/2018 02:03:16] "POST /v1/user/login HTTP/1.1 200 0" 0.003991  PostmanRuntime/7.1.5

2018/07/04 14:06:00.855 [D] [server.go:2694] ::1 - - [04/Jul/2018 02:06:00] "POST /v1/user/login HTTP/1.1 200 0" 0.004287  PostmanRuntime/7.1.5

2018/07/04 14:12:43.781 [D] [server.go:2694] ::1 - - [04/Jul/2018 02:12:43] "POST /v1/user/login HTTP/1.1 200 0" 0.004627  PostmanRuntime/7.1.5

2018/07/04 14:13:35.281 [D] [server.go:2694] ::1 - - [04/Jul/2018 02:13:35] "POST /v1/user/login HTTP/1.1 200 0" 0.003171  PostmanRuntime/7.1.5

2018/07/04 14:14:23.452 [D] [server.go:2694] ::1 - - [04/Jul/2018 02:14:23] "POST /v1/user/ HTTP/1.1 403 0" 0.130574  PostmanRuntime/7.1.5

2018/07/04 14:15:19.845 [D] [server.go:2694] ::1 - - [04/Jul/2018 02:15:19] "POST /v1/user/ HTTP/1.1 200 0" 0.739085  PostmanRuntime/7.1.5

2018/07/04 14:16:22.394 [D] [server.go:2694] ::1 - - [04/Jul/2018 02:16:21] "POST /v1/user/ HTTP/1.1 201 0" 1.140480  PostmanRuntime/7.1.5

2018/07/04 14:16:28.947 [D] [server.go:2694] ::1 - - [04/Jul/2018 02:16:28] "GET /user/ HTTP/1.1 404 0" 0.002660  PostmanRuntime/7.1.5

2018/07/04 14:16:39.418 [D] [server.go:2694] ::1 - - [04/Jul/2018 02:16:39] "GET /v1/user/ HTTP/1.1 200 0" 0.005923  PostmanRuntime/7.1.5

2018/07/04 14:16:47.449 [D] [server.go:2694] ::1 - - [04/Jul/2018 02:16:47] "POST /v1/user/login HTTP/1.1 200 0" 0.004710  PostmanRuntime/7.1.5

2018/07/04 14:35:03.553 [C] [asm_amd64.s:2361] ListenAndServe:  accept tcp [::]:9080: use of closed network connection 12092
2018/07/04 14:36:24.091 [D] [server.go:2694] ::1 - - [04/Jul/2018 02:36:24] "POST /v1/user/login HTTP/1.1 200 0" 0.002647  PostmanRuntime/7.1.5

2018/07/04 14:36:31.879 [D] [server.go:2694] ::1 - - [04/Jul/2018 02:36:31] "POST /v1/user/login?username=adityawrdhn&password=Password123 HTTP/1.1 200 0" 0.006299  PostmanRuntime/7.1.5

2018/07/04 14:36:33.954 [D] [server.go:2694] ::1 - - [04/Jul/2018 02:36:33] "POST /v1/user/login?username=adityawrdhn&password=Password123 HTTP/1.1 200 0" 0.011418  PostmanRuntime/7.1.5

2018/07/04 14:36:42.242 [D] [server.go:2694] ::1 - - [04/Jul/2018 02:36:42] "GET /v1/user/ HTTP/1.1 200 0" 0.008483  PostmanRuntime/7.1.5

2018/07/04 14:36:47.136 [D] [server.go:2694] ::1 - - [04/Jul/2018 02:36:47] "GET /v1/user/logout HTTP/1.1 200 0" 0.007591  PostmanRuntime/7.1.5

2018/07/04 14:36:52.167 [D] [server.go:2694] ::1 - - [04/Jul/2018 02:36:52] "POST /v1/user/login?username=adityawrdhn&password=Password123 HTTP/1.1 200 0" 0.003382  PostmanRuntime/7.1.5

2018/07/04 14:37:41.180 [D] [server.go:2694] ::1 - - [04/Jul/2018 02:37:41] "POST /v1/user/login?username=adityawrdhn&password=Password123 HTTP/1.1 200 0" 0.005248  PostmanRuntime/7.1.5

2018/07/04 14:53:01.650 [D] [server.go:2694] ::1 - - [04/Jul/2018 02:53:01] "GET /v1/user/1 HTTP/1.1 200 0" 0.004353  PostmanRuntime/7.1.5

2018/07/04 14:53:08.191 [D] [server.go:2694] ::1 - - [04/Jul/2018 02:53:08] "GET /v1/user/0 HTTP/1.1 200 0" 0.004988  PostmanRuntime/7.1.5

2018/07/04 14:53:15.347 [D] [server.go:2694] ::1 - - [04/Jul/2018 02:53:15] "GET /v1/user/1 HTTP/1.1 200 0" 0.002901  PostmanRuntime/7.1.5

2018/07/04 14:53:17.171 [D] [server.go:2694] ::1 - - [04/Jul/2018 02:53:17] "GET /v1/user/2 HTTP/1.1 200 0" 0.002628  PostmanRuntime/7.1.5

2018/07/04 14:53:28.783 [D] [server.go:2694] ::1 - - [04/Jul/2018 02:53:28] "POST /v1/user/login HTTP/1.1 200 0" 0.004104  PostmanRuntime/7.1.5

2018/07/04 14:53:40.118 [D] [server.go:2694] ::1 - - [04/Jul/2018 02:53:40] "GET /v1/user/login?username=adityawrdhn&password=Password123 HTTP/1.1 200 0" 0.006174  PostmanRuntime/7.1.5

2018/07/04 14:53:48.855 [D] [server.go:2694] ::1 - - [04/Jul/2018 02:53:48] "GET /v1/user/login?username=adityawrdhn&password=Password123 HTTP/1.1 200 0" 0.002990  PostmanRuntime/7.1.5

2018/07/04 14:54:22.573 [D] [server.go:2694] ::1 - - [04/Jul/2018 02:54:22] "POST /v1/user/login?username=adityawrdhn&password=Password123 HTTP/1.1 200 0" 0.004295 http://localhost:9080/swagger/ Mozilla/5.0 (Windows NT 10.0; Win64; x64) AppleWebKit/537.36 (KHTML, like Gecko) Chrome/67.0.3396.99 Safari/537.36

2018/07/04 14:54:45.339 [D] [server.go:2694] ::1 - - [04/Jul/2018 02:54:45] "GET /v1/user/login?username=adityawrdhn&password=Password123 HTTP/1.1 401 0" 0.004289  PostmanRuntime/7.1.5

2018/07/04 14:55:08.958 [D] [server.go:2694] ::1 - - [04/Jul/2018 02:55:08] "GET /v1/user/login?username=adityawrdhn&password=Password123 HTTP/1.1 401 0" 0.001060  PostmanRuntime/7.1.5

2018/07/04 14:55:13.615 [D] [server.go:2694] ::1 - - [04/Jul/2018 02:55:13] "GET /v1/user/login?username=adityawrdhn&password=Password123 HTTP/1.1 200 0" 0.004988  PostmanRuntime/7.1.5

2018/07/04 14:55:21.816 [D] [server.go:2694] ::1 - - [04/Jul/2018 02:55:21] "GET /v1/user/2 HTTP/1.1 200 0" 0.009973  PostmanRuntime/7.1.5

2018/07/04 14:56:17.206 [D] [server.go:2694] ::1 - - [04/Jul/2018 02:56:17] "GET /v1/user/login HTTP/1.1 401 0" 0.003988  PostmanRuntime/7.1.5

2018/07/04 14:56:40.011 [D] [server.go:2694] ::1 - - [04/Jul/2018 02:56:40] "GET /v1/user/login?username=adityawrdhn&password=Password123 HTTP/1.1 401 0" 0.005045  PostmanRuntime/7.1.5

2018/07/04 14:56:47.292 [D] [server.go:2694] ::1 - - [04/Jul/2018 02:56:47] "GET /v1/user/login?username=adityawrdhn&password=Password123 HTTP/1.1 401 0" 0.001075  PostmanRuntime/7.1.5

2018/07/04 14:56:53.939 [D] [server.go:2694] ::1 - - [04/Jul/2018 02:56:53] "GET /v1/user/login?username=adityawrdhn&password=Password123 HTTP/1.1 401 0" 0.003284  PostmanRuntime/7.1.5

2018/07/04 14:57:16.399 [D] [server.go:2694] ::1 - - [04/Jul/2018 02:57:16] "GET /v1/user/login?username=adityawrdhn&password=Password123 HTTP/1.1 401 0" 0.003223  PostmanRuntime/7.1.5

2018/07/04 14:57:16.421 [D] [server.go:2694] ::1 - - [04/Jul/2018 02:57:16] "GET /v1/user/login?username=adityawrdhn&password=Password123 HTTP/1.1 401 0" 0.004824  PostmanRuntime/7.1.5

2018/07/04 14:57:21.839 [D] [server.go:2694] ::1 - - [04/Jul/2018 02:57:21] "GET /v1/user/2 HTTP/1.1 401 0" 0.001099  PostmanRuntime/7.1.5

2018/07/04 14:57:31.479 [D] [server.go:2694] ::1 - - [04/Jul/2018 02:57:31] "GET /v1/user/2 HTTP/1.1 401 0" 0.016770  PostmanRuntime/7.1.5

2018/07/04 14:58:01.656 [D] [server.go:2694] ::1 - - [04/Jul/2018 02:58:01] "GET /v1/user/ HTTP/1.1 401 0" 0.004020  PostmanRuntime/7.1.5

2018/07/04 14:58:05.814 [D] [server.go:2694] ::1 - - [04/Jul/2018 02:58:05] "GET /v1/user/ HTTP/1.1 401 0" 0.002025  PostmanRuntime/7.1.5

2018/07/04 14:58:09.304 [D] [server.go:2694] ::1 - - [04/Jul/2018 02:58:09] "GET /v1/user/ HTTP/1.1 401 0" 0.000000  PostmanRuntime/7.1.5

2018/07/04 14:58:20.184 [D] [server.go:2694] ::1 - - [04/Jul/2018 02:58:20] "GET /v1/user/ HTTP/1.1 401 0" 0.003630  PostmanRuntime/7.1.5

2018/07/04 14:58:26.280 [D] [server.go:2694] ::1 - - [04/Jul/2018 02:58:26] "GET /v1/user/ HTTP/1.1 401 0" 0.004087  PostmanRuntime/7.1.5

2018/07/04 14:58:31.267 [D] [server.go:2694] ::1 - - [04/Jul/2018 02:58:31] "GET /v1/user/login?username=adityawrdhn&password=Password123 HTTP/1.1 401 0" 0.003422  PostmanRuntime/7.1.5

2018/07/04 14:58:41.567 [D] [server.go:2694] ::1 - - [04/Jul/2018 02:58:41] "POST /v1/user/login?username=adityawrdhn&password=Password123 HTTP/1.1 200 0" 0.001994  PostmanRuntime/7.1.5

2018/07/04 14:59:05.594 [D] [server.go:2694] ::1 - - [04/Jul/2018 02:59:05] "POST /v1/user/ HTTP/1.1 201 0" 0.224689  PostmanRuntime/7.1.5

2018/07/04 14:59:28.428 [D] [server.go:2694] ::1 - - [04/Jul/2018 02:59:28] "POST /v1/user/login HTTP/1.1 200 0" 0.001166  PostmanRuntime/7.1.5

2018/07/04 15:00:38.880 [D] [server.go:2694] ::1 - - [04/Jul/2018 03:00:38] "POST /v1/user/loginh HTTP/1.1 404 0" 0.006320  PostmanRuntime/7.1.5

2018/07/04 15:00:41.032 [D] [server.go:2694] ::1 - - [04/Jul/2018 03:00:41] "POST /v1/user/login HTTP/1.1 200 0" 0.002071  PostmanRuntime/7.1.5

2018/07/04 15:01:28.000 [D] [server.go:2694] ::1 - - [04/Jul/2018 03:01:27] "GET /v1/user/login HTTP/1.1 401 0" 0.003965  PostmanRuntime/7.1.5

2018/07/04 15:01:37.766 [D] [server.go:2694] ::1 - - [04/Jul/2018 03:01:37] "GET /v1/user/ HTTP/1.1 401 0" 0.003989  PostmanRuntime/7.1.5

2018/07/04 15:01:46.634 [D] [server.go:2694] ::1 - - [04/Jul/2018 03:01:46] "POST /v1/user/login HTTP/1.1 200 0" 0.002078  PostmanRuntime/7.1.5

2018/07/04 15:01:56.981 [D] [server.go:2694] ::1 - - [04/Jul/2018 03:01:56] "POST /v1/user/ HTTP/1.1 403 0" 0.004423  PostmanRuntime/7.1.5

2018/07/04 15:08:43.897 [D] [server.go:2694] ::1 - - [04/Jul/2018 03:08:43] "POST /v1/user/login HTTP/1.1 200 0" 0.306898  PostmanRuntime/7.1.5

2018/07/04 15:09:12.103 [D] [server.go:2694] ::1 - - [04/Jul/2018 03:09:12] "POST /v1/user/login HTTP/1.1 200 0" 0.007823  PostmanRuntime/7.1.5

2018/07/04 15:10:09.337 [D] [server.go:2694] ::1 - - [04/Jul/2018 03:10:09] "POST /v1/user/login HTTP/1.1 200 0" 0.195545  PostmanRuntime/7.1.5

2018/07/04 15:10:53.860 [D] [server.go:2694] ::1 - - [04/Jul/2018 03:10:53] "POST /v1/user/login HTTP/1.1 200 0" 0.003821  PostmanRuntime/7.1.5

2018/07/04 15:10:58.302 [D] [server.go:2694] ::1 - - [04/Jul/2018 03:10:58] "POST /v1/user/login HTTP/1.1 200 0" 0.002020  PostmanRuntime/7.1.5

2018/07/04 15:11:12.580 [D] [server.go:2694] ::1 - - [04/Jul/2018 03:11:12] "POST /v1/user/login HTTP/1.1 200 0" 0.003455  PostmanRuntime/7.1.5

2018/07/04 15:11:27.317 [D] [server.go:2694] ::1 - - [04/Jul/2018 03:11:27] "POST /v1/user/login HTTP/1.1 200 0" 0.005072  PostmanRuntime/7.1.5

2018/07/04 15:11:39.555 [D] [server.go:2694] ::1 - - [04/Jul/2018 03:11:39] "POST /v1/user/login HTTP/1.1 200 0" 0.002908  PostmanRuntime/7.1.5

2018/07/04 15:11:44.064 [D] [server.go:2694] ::1 - - [04/Jul/2018 03:11:44] "POST /v1/user/login HTTP/1.1 200 0" 0.014236  PostmanRuntime/7.1.5

2018/07/04 15:12:27.671 [D] [server.go:2694] ::1 - - [04/Jul/2018 03:12:27] "POST /v1/user/login HTTP/1.1 200 0" 0.187889  PostmanRuntime/7.1.5

2018/07/04 15:12:34.985 [D] [server.go:2694] ::1 - - [04/Jul/2018 03:12:34] "GET / HTTP/1.1 200 0" 0.010171  Mozilla/5.0 (Windows NT 10.0; Win64; x64) AppleWebKit/537.36 (KHTML, like Gecko) Chrome/67.0.3396.99 Safari/537.36

2018/07/04 15:15:52.140 [D] [server.go:2694] ::1 - - [04/Jul/2018 03:15:52] "POST /v1/user/login HTTP/1.1 200 0" 0.001708  PostmanRuntime/7.1.5

2018/07/04 15:16:30.448 [D] [server.go:2694] ::1 - - [04/Jul/2018 03:16:30] "POST /v1/user/login HTTP/1.1 200 0" 0.006280  PostmanRuntime/7.1.5

2018/07/04 15:19:43.267 [D] [server.go:2694] ::1 - - [04/Jul/2018 03:19:43] "POST /v1/user/login HTTP/1.1 200 0" 0.003814  PostmanRuntime/7.1.5

2018/07/04 15:22:48.740 [D] [server.go:2694] ::1 - - [04/Jul/2018 03:22:48] "POST /v1/user/login HTTP/1.1 200 0" 0.012670  PostmanRuntime/7.1.5

2018/07/04 15:23:00.727 [D] [server.go:2694] ::1 - - [04/Jul/2018 03:23:00] "POST /v1/user/login HTTP/1.1 200 0" 0.003200  PostmanRuntime/7.1.5

2018/07/04 15:23:04.575 [D] [server.go:2694] ::1 - - [04/Jul/2018 03:23:04] "POST /v1/user/login HTTP/1.1 200 0" 0.012973  PostmanRuntime/7.1.5

2018/07/04 15:23:19.864 [D] [server.go:2694] ::1 - - [04/Jul/2018 03:23:19] "POST /v1/user/login HTTP/1.1 200 0" 0.761648  PostmanRuntime/7.1.5

2018/07/04 15:23:33.986 [D] [server.go:2694] ::1 - - [04/Jul/2018 03:23:33] "POST /v1/user/login HTTP/1.1 200 0" 0.002081  PostmanRuntime/7.1.5

2018/07/04 15:24:24.558 [D] [server.go:2694] ::1 - - [04/Jul/2018 03:24:23] "POST /v1/user/login HTTP/1.1 200 0" 1.256494  PostmanRuntime/7.1.5

2018/07/05 11:06:53.165 [D] [server.go:2694] ::1 - - [05/Jul/2018 11:06:53] "GET /v1/user/ HTTP/1.1 401 0" 0.001995  PostmanRuntime/7.1.5

2018/07/05 11:08:17.326 [D] [server.go:2694] ::1 - - [05/Jul/2018 11:08:17] "GET /v1/user/ HTTP/1.1 401 0" 0.004987  PostmanRuntime/7.1.5

2018/07/05 11:08:28.260 [D] [server.go:2694] ::1 - - [05/Jul/2018 11:08:28] "GET /v1/user/ HTTP/1.1 200 0" 0.097737  PostmanRuntime/7.1.5

2018/07/05 11:52:59.766 [D] [server.go:2694] ::1 - - [05/Jul/2018 11:52:59] "GET /swagger/swagger.json HTTP/1.1 304 0" 0.305383 http://localhost:9080/swagger/ Mozilla/5.0 (Windows NT 10.0; Win64; x64) AppleWebKit/537.36 (KHTML, like Gecko) Chrome/67.0.3396.99 Safari/537.36

2018/07/05 13:13:23.486 [C] [asm_amd64.s:2361] ListenAndServe:  accept tcp [::]:9080: use of closed network connection 11936
2018/07/09 11:20:11.232 [D] [server.go:2694] ::1 - - [09/Jul/2018 11:20:11] "GET / HTTP/1.1 200 0" 0.007985  Mozilla/5.0 (Windows NT 10.0; Win64; x64) AppleWebKit/537.36 (KHTML, like Gecko) Chrome/67.0.3396.99 Safari/537.36

2018/07/09 11:20:12.114 [D] [server.go:2694] ::1 - - [09/Jul/2018 11:20:11] "GET /robots.txt HTTP/1.1 404 0" 0.883639  Mozilla/5.0 (Windows NT 10.0; Win64; x64) AppleWebKit/537.36 (KHTML, like Gecko) Chrome/67.0.3396.99 Safari/537.36

2018/07/09 11:20:12.841 [D] [server.go:2694] ::1 - - [09/Jul/2018 11:20:12] "GET /favicon.ico HTTP/1.1 404 0" 0.000999 http://localhost:9080/ Mozilla/5.0 (Windows NT 10.0; Win64; x64) AppleWebKit/537.36 (KHTML, like Gecko) Chrome/67.0.3396.99 Safari/537.36

2018/07/09 11:20:17.203 [D] [server.go:2694] ::1 - - [09/Jul/2018 11:20:17] "GET /swagger HTTP/1.1 302 0" 0.000994  Mozilla/5.0 (Windows NT 10.0; Win64; x64) AppleWebKit/537.36 (KHTML, like Gecko) Chrome/67.0.3396.99 Safari/537.36

2018/07/09 11:20:17.731 [D] [server.go:2694] ::1 - - [09/Jul/2018 11:20:17] "GET /swagger/ HTTP/1.1 304 0" 0.433754  Mozilla/5.0 (Windows NT 10.0; Win64; x64) AppleWebKit/537.36 (KHTML, like Gecko) Chrome/67.0.3396.99 Safari/537.36

2018/07/09 11:20:17.990 [D] [server.go:2694] ::1 - - [09/Jul/2018 11:20:17] "GET /swagger/swagger-ui.css HTTP/1.1 304 0" 0.172538 http://localhost:9080/swagger/ Mozilla/5.0 (Windows NT 10.0; Win64; x64) AppleWebKit/537.36 (KHTML, like Gecko) Chrome/67.0.3396.99 Safari/537.36

2018/07/09 11:20:19.002 [D] [server.go:2694] ::1 - - [09/Jul/2018 11:20:17] "GET /swagger/swagger-ui-bundle.js HTTP/1.1 304 0" 1.173865 http://localhost:9080/swagger/ Mozilla/5.0 (Windows NT 10.0; Win64; x64) AppleWebKit/537.36 (KHTML, like Gecko) Chrome/67.0.3396.99 Safari/537.36

2018/07/09 11:20:19.023 [D] [server.go:2694] ::1 - - [09/Jul/2018 11:20:17] "GET /swagger/swagger-ui-standalone-preset.js HTTP/1.1 304 0" 1.192813 http://localhost:9080/swagger/ Mozilla/5.0 (Windows NT 10.0; Win64; x64) AppleWebKit/537.36 (KHTML, like Gecko) Chrome/67.0.3396.99 Safari/537.36

2018/07/09 11:20:20.161 [D] [server.go:2694] ::1 - - [09/Jul/2018 11:20:20] "GET /swagger/swagger.json HTTP/1.1 304 0" 0.017951 http://localhost:9080/swagger/ Mozilla/5.0 (Windows NT 10.0; Win64; x64) AppleWebKit/537.36 (KHTML, like Gecko) Chrome/67.0.3396.99 Safari/537.36

2018/07/09 11:27:58.627 [D] [server.go:2694] ::1 - - [09/Jul/2018 11:27:58] "GET /robots.txt HTTP/1.1 404 0" 0.002992  Mozilla/5.0 (Windows NT 10.0; Win64; x64) AppleWebKit/537.36 (KHTML, like Gecko) Chrome/67.0.3396.99 Safari/537.36

2018/07/09 13:37:33.671 [D] [server.go:2694] ::1 - - [09/Jul/2018 01:37:33] "GET /v1/airad/ HTTP/1.1 401 0" 0.311168 http://localhost:9080/swagger/ Mozilla/5.0 (Windows NT 10.0; Win64; x64) AppleWebKit/537.36 (KHTML, like Gecko) Chrome/67.0.3396.99 Safari/537.36

2018/07/09 13:39:25.160 [D] [server.go:2694] ::1 - - [09/Jul/2018 01:39:25] "GET /v1/user/ HTTP/1.1 401 0" 0.001999 http://localhost:9080/swagger/ Mozilla/5.0 (Windows NT 10.0; Win64; x64) AppleWebKit/537.36 (KHTML, like Gecko) Chrome/67.0.3396.99 Safari/537.36

2018/07/09 13:42:44.177 [D] [server.go:2694] ::1 - - [09/Jul/2018 01:42:42] "POST /v1/user/login HTTP/1.1 200 0" 1.301518  PostmanRuntime/7.1.5

2018/07/09 13:43:20.031 [D] [server.go:2694] ::1 - - [09/Jul/2018 01:43:19] "GET /v1/user/ HTTP/1.1 200 0" 0.059922  PostmanRuntime/7.1.5

2018/07/09 16:47:10.567 [D] [server.go:2694] ::1 - - [09/Jul/2018 04:47:10] "GET /v1/user/auth HTTP/1.1 401 0" 0.181473  PostmanRuntime/7.1.5

2018/07/09 16:47:17.734 [D] [server.go:2694] ::1 - - [09/Jul/2018 04:47:17] "GET /v1/user/ HTTP/1.1 401 0" 0.032910  PostmanRuntime/7.1.5

2018/07/09 16:47:29.654 [D] [server.go:2694] ::1 - - [09/Jul/2018 04:47:29] "POST /v1/user/login HTTP/1.1 200 0" 0.552845  PostmanRuntime/7.1.5

2018/07/09 16:47:54.866 [D] [server.go:2694] ::1 - - [09/Jul/2018 04:47:54] "GET /v1/user/auth HTTP/1.1 200 0" 0.003988  PostmanRuntime/7.1.5

2018/07/09 16:54:39.566 [D] [server.go:2694] ::1 - - [09/Jul/2018 04:54:39] "GET /v1/user/auth HTTP/1.1 200 0" 0.003987  PostmanRuntime/7.1.5

2018/07/09 16:54:44.805 [D] [server.go:2694] ::1 - - [09/Jul/2018 04:54:44] "POST /v1/user/login HTTP/1.1 200 0" 0.158575  PostmanRuntime/7.1.5

2018/07/09 16:54:56.483 [D] [server.go:2694] ::1 - - [09/Jul/2018 04:54:56] "GET /v1/user/auth HTTP/1.1 200 0" 0.002996  PostmanRuntime/7.1.5

2018/07/09 16:55:00.633 [D] [server.go:2694] ::1 - - [09/Jul/2018 04:55:00] "GET /v1/user/logout HTTP/1.1 200 0" 0.000999  PostmanRuntime/7.1.5

2018/07/09 16:55:05.967 [D] [server.go:2694] ::1 - - [09/Jul/2018 04:55:05] "GET /v1/user/logout HTTP/1.1 200 0" 0.003990  PostmanRuntime/7.1.5

2018/07/09 16:55:23.958 [D] [server.go:2694] ::1 - - [09/Jul/2018 04:55:23] "GET /v1/user/ HTTP/1.1 200 0" 0.005982  PostmanRuntime/7.1.5

2018/07/09 16:55:26.132 [D] [server.go:2694] ::1 - - [09/Jul/2018 04:55:26] "GET /v1/user/ HTTP/1.1 200 0" 0.000996  PostmanRuntime/7.1.5

2018/07/09 16:55:32.600 [D] [server.go:2694] ::1 - - [09/Jul/2018 04:55:32] "GET /v1/user/logout HTTP/1.1 200 0" 0.002002  PostmanRuntime/7.1.5

2018/07/09 16:55:35.522 [D] [server.go:2694] ::1 - - [09/Jul/2018 04:55:35] "GET /v1/user/ HTTP/1.1 200 0" 0.000998  PostmanRuntime/7.1.5

2018/07/09 16:56:01.845 [D] [server.go:2694] ::1 - - [09/Jul/2018 04:56:01] "GET /v1/user/logout HTTP/1.1 200 0" 0.004985  PostmanRuntime/7.1.5

2018/07/09 16:56:09.848 [D] [server.go:2694] ::1 - - [09/Jul/2018 04:56:09] "POST /v1/user/login HTTP/1.1 200 0" 0.130655  PostmanRuntime/7.1.5

2018/07/09 16:56:40.940 [D] [server.go:2694] ::1 - - [09/Jul/2018 04:56:40] "GET /v1/user/auth HTTP/1.1 200 0" 0.002995  PostmanRuntime/7.1.5

2018/07/09 16:56:44.440 [D] [server.go:2694] ::1 - - [09/Jul/2018 04:56:44] "GET /v1/user/logout HTTP/1.1 200 0" 0.000982  PostmanRuntime/7.1.5

2018/07/09 18:32:57.580 [D] [server.go:2694] ::1 - - [09/Jul/2018 06:32:57] "POST /v1/user/login HTTP/1.1 200 0" 0.553444  PostmanRuntime/7.1.5

2018/07/09 18:33:18.289 [D] [server.go:2694] ::1 - - [09/Jul/2018 06:33:18] "GET /v1/user/ HTTP/1.1 200 0" 0.002991  PostmanRuntime/7.1.5

